Build started 14/10/2017 10:05:47 μμ.
     1>Project "C:\Users\Jimmyy\Documents\GRAPHICS backups and finals\TSIRTSIDIS_DIMITRIOS_oglgui\OGLGUIDemo\Source\guiApp\guiApp.vcxproj" on node 2 (build target(s)).
     1>InitializeBuildStatus:
         Creating "Release\guiApp.unsuccessfulbuild" because "AlwaysCreate" was specified.
       ClCompile:
         C:\Program Files (x86)\Microsoft Visual Studio 10.0\VC\bin\CL.exe /c /Zi /nologo /W3 /WX- /O2 /Oi /Oy- /GL /D _MBCS /Gm- /EHsc /MD /GS /Gy /fp:precise /Zc:wchar_t /Zc:forScope /Fo"Release\\" /Fd"Release\vc100.pdb" /Gd /TP /analyze- /errorReport:prompt Main.cpp
         Main.cpp
       Link:
         C:\Program Files (x86)\Microsoft Visual Studio 10.0\VC\bin\link.exe /ERRORREPORT:PROMPT /OUT:"C:\Users\Jimmyy\Documents\GRAPHICS backups and finals\TSIRTSIDIS_DIMITRIOS_oglgui\OGLGUIDemo\Source\Release\guiApp.exe" /NOLOGO kernel32.lib user32.lib gdi32.lib winspool.lib comdlg32.lib advapi32.lib shell32.lib ole32.lib oleaut32.lib uuid.lib odbc32.lib odbccp32.lib /MANIFEST /ManifestFile:"Release\guiApp.exe.intermediate.manifest" /MANIFESTUAC:"level='asInvoker' uiAccess='false'" /DEBUG /PDB:"C:\Users\Jimmyy\Documents\GRAPHICS backups and finals\TSIRTSIDIS_DIMITRIOS_oglgui\OGLGUIDemo\Source\Release\guiApp.pdb" /OPT:REF /OPT:ICF /LTCG /TLBID:1 /DYNAMICBASE /NXCOMPAT /IMPLIB:"C:\Users\Jimmyy\Documents\GRAPHICS backups and finals\TSIRTSIDIS_DIMITRIOS_oglgui\OGLGUIDemo\Source\Release\guiApp.lib" /MACHINE:X86 Release\Button.obj
         Release\ChangeWindowColorHandler.obj
         Release\Color.obj
         Release\CreateNewWindowHandler.obj
         Release\ExitWindowHandler.obj
         Release\GUIItem.obj
         Release\Label.obj
         Release\Main.obj
         Release\MaximizeWindowHandler.obj
         Release\Menu.obj
         Release\MinimizeWindowHandler.obj
         Release\Renderer.obj
         Release\Selection.obj
         Release\Texture.obj
         Release\Vector2D.obj
         Release\Window.obj
         Release\WindowManager.obj
         Generating code
         Finished generating code
         guiApp.vcxproj -> C:\Users\Jimmyy\Documents\GRAPHICS backups and finals\TSIRTSIDIS_DIMITRIOS_oglgui\OGLGUIDemo\Source\Release\guiApp.exe
       Manifest:
         C:\Program Files (x86)\Microsoft SDKs\Windows\v7.0A\bin\mt.exe /nologo /verbose /outputresource:"C:\Users\Jimmyy\Documents\GRAPHICS backups and finals\TSIRTSIDIS_DIMITRIOS_oglgui\OGLGUIDemo\Source\Release\guiApp.exe;#1" /manifest Release\guiApp.exe.intermediate.manifest
       FinalizeBuildStatus:
         Deleting file "Release\guiApp.unsuccessfulbuild".
         Touching "Release\guiApp.lastbuildstate".
     1>Done Building Project "C:\Users\Jimmyy\Documents\GRAPHICS backups and finals\TSIRTSIDIS_DIMITRIOS_oglgui\OGLGUIDemo\Source\guiApp\guiApp.vcxproj" (build target(s)).

Build succeeded.

Time Elapsed 00:00:01.25
